[2022-06-30 06:32:57] production.ERROR: App\Providers\ConfigThemeServiceProvider::App\Providers\{closure}(): Argument #2 ($key) must be passed by reference, value given {"exception":"[object] (ErrorException(code: 0): App\\Providers\\ConfigThemeServiceProvider::App\\Providers\\{closure}(): Argument #2 ($key) must be passed by reference, value given at D:\\xamppNew\\htdocs\\crm\\application\\app\\Providers\\ConfigThemeServiceProvider.php:50)
[stacktrace]
#0 [internal function]: Illuminate\\Foundation\\Bootstrap\\HandleExceptions->handleError(2, 'App\\\\Providers\\\\C...', 'D:\\\\xamppNew\\\\htd...', 50)
#1 D:\\xamppNew\\htdocs\\crm\\application\\app\\Providers\\ConfigThemeServiceProvider.php(50): array_walk(Array, Object(Closure))
#2 D:\\xamppNew\\htdocs\\crm\\application\\vendor\\laravel\\framework\\src\\Illuminate\\Container\\BoundMethod.php(36): App\\Providers\\ConfigThemeServiceProvider->boot()
#3 D:\\xamppNew\\htdocs\\crm\\application\\vendor\\laravel\\framework\\src\\Illuminate\\Container\\Util.php(40): Illuminate\\Container\\BoundMethod::Illuminate\\Container\\{closure}()
#4 D:\\xamppNew\\htdocs\\crm\\application\\vendor\\laravel\\framework\\src\\Illuminate\\Container\\BoundMethod.php(93): Illuminate\\Container\\Util::unwrapIfClosure(Object(Closure))
#5 D:\\xamppNew\\htdocs\\crm\\application\\vendor\\laravel\\framework\\src\\Illuminate\\Container\\BoundMethod.php(37): Illuminate\\Container\\BoundMethod::callBoundMethod(Object(Illuminate\\Foundation\\Application), Array, Object(Closure))
#6 D:\\xamppNew\\htdocs\\crm\\application\\vendor\\laravel\\framework\\src\\Illuminate\\Container\\Container.php(653): Illuminate\\Container\\BoundMethod::call(Object(Illuminate\\Foundation\\Application), Array, Array, NULL)
#7 D:\\xamppNew\\htdocs\\crm\\application\\vendor\\laravel\\framework\\src\\Illuminate\\Foundation\\Application.php(924): Illuminate\\Container\\Container->call(Array)
#8 D:\\xamppNew\\htdocs\\crm\\application\\vendor\\laravel\\framework\\src\\Illuminate\\Foundation\\Application.php(905): Illuminate\\Foundation\\Application->bootProvider(Object(App\\Providers\\ConfigThemeServiceProvider))
#9 [internal function]: Illuminate\\Foundation\\Application->Illuminate\\Foundation\\{closure}(Object(App\\Providers\\ConfigThemeServiceProvider), 33)
#10 D:\\xamppNew\\htdocs\\crm\\application\\vendor\\laravel\\framework\\src\\Illuminate\\Foundation\\Application.php(906): array_walk(Array, Object(Closure))
#11 D:\\xamppNew\\htdocs\\crm\\application\\vendor\\laravel\\framework\\src\\Illuminate\\Foundation\\Bootstrap\\BootProviders.php(17): Illuminate\\Foundation\\Application->boot()
#12 D:\\xamppNew\\htdocs\\crm\\application\\vendor\\laravel\\framework\\src\\Illuminate\\Foundation\\Application.php(237): Illuminate\\Foundation\\Bootstrap\\BootProviders->bootstrap(Object(Illuminate\\Foundation\\Application))
#13 D:\\xamppNew\\htdocs\\crm\\application\\vendor\\laravel\\framework\\src\\Illuminate\\Foundation\\Console\\Kernel.php(310): Illuminate\\Foundation\\Application->bootstrapWith(Array)
#14 D:\\xamppNew\\htdocs\\crm\\application\\vendor\\laravel\\framework\\src\\Illuminate\\Foundation\\Console\\Kernel.php(127): Illuminate\\Foundation\\Console\\Kernel->bootstrap()
#15 D:\\xamppNew\\htdocs\\crm\\application\\artisan(37): Illuminate\\Foundation\\Console\\Kernel->handle(Object(Symfony\\Component\\Console\\Input\\ArgvInput), Object(Symfony\\Component\\Console\\Output\\ConsoleOutput))
#16 {main}
"} 
[2022-06-30 06:33:36] production.ERROR: App\Providers\ConfigThemeServiceProvider::App\Providers\{closure}(): Argument #2 ($key) must be passed by reference, value given {"exception":"[object] (ErrorException(code: 0): App\\Providers\\ConfigThemeServiceProvider::App\\Providers\\{closure}(): Argument #2 ($key) must be passed by reference, value given at D:\\xamppNew\\htdocs\\crm\\application\\app\\Providers\\ConfigThemeServiceProvider.php:50)
[stacktrace]
#0 [internal function]: Illuminate\\Foundation\\Bootstrap\\HandleExceptions->handleError(2, 'App\\\\Providers\\\\C...', 'D:\\\\xamppNew\\\\htd...', 50)
#1 D:\\xamppNew\\htdocs\\crm\\application\\app\\Providers\\ConfigThemeServiceProvider.php(50): array_walk(Array, Object(Closure))
#2 D:\\xamppNew\\htdocs\\crm\\application\\vendor\\laravel\\framework\\src\\Illuminate\\Container\\BoundMethod.php(36): App\\Providers\\ConfigThemeServiceProvider->boot()
#3 D:\\xamppNew\\htdocs\\crm\\application\\vendor\\laravel\\framework\\src\\Illuminate\\Container\\Util.php(40): Illuminate\\Container\\BoundMethod::Illuminate\\Container\\{closure}()
#4 D:\\xamppNew\\htdocs\\crm\\application\\vendor\\laravel\\framework\\src\\Illuminate\\Container\\BoundMethod.php(93): Illuminate\\Container\\Util::unwrapIfClosure(Object(Closure))
#5 D:\\xamppNew\\htdocs\\crm\\application\\vendor\\laravel\\framework\\src\\Illuminate\\Container\\BoundMethod.php(37): Illuminate\\Container\\BoundMethod::callBoundMethod(Object(Illuminate\\Foundation\\Application), Array, Object(Closure))
#6 D:\\xamppNew\\htdocs\\crm\\application\\vendor\\laravel\\framework\\src\\Illuminate\\Container\\Container.php(653): Illuminate\\Container\\BoundMethod::call(Object(Illuminate\\Foundation\\Application), Array, Array, NULL)
#7 D:\\xamppNew\\htdocs\\crm\\application\\vendor\\laravel\\framework\\src\\Illuminate\\Foundation\\Application.php(924): Illuminate\\Container\\Container->call(Array)
#8 D:\\xamppNew\\htdocs\\crm\\application\\vendor\\laravel\\framework\\src\\Illuminate\\Foundation\\Application.php(905): Illuminate\\Foundation\\Application->bootProvider(Object(App\\Providers\\ConfigThemeServiceProvider))
#9 [internal function]: Illuminate\\Foundation\\Application->Illuminate\\Foundation\\{closure}(Object(App\\Providers\\ConfigThemeServiceProvider), 33)
#10 D:\\xamppNew\\htdocs\\crm\\application\\vendor\\laravel\\framework\\src\\Illuminate\\Foundation\\Application.php(906): array_walk(Array, Object(Closure))
#11 D:\\xamppNew\\htdocs\\crm\\application\\vendor\\laravel\\framework\\src\\Illuminate\\Foundation\\Bootstrap\\BootProviders.php(17): Illuminate\\Foundation\\Application->boot()
#12 D:\\xamppNew\\htdocs\\crm\\application\\vendor\\laravel\\framework\\src\\Illuminate\\Foundation\\Application.php(237): Illuminate\\Foundation\\Bootstrap\\BootProviders->bootstrap(Object(Illuminate\\Foundation\\Application))
#13 D:\\xamppNew\\htdocs\\crm\\application\\vendor\\laravel\\framework\\src\\Illuminate\\Foundation\\Console\\Kernel.php(310): Illuminate\\Foundation\\Application->bootstrapWith(Array)
#14 D:\\xamppNew\\htdocs\\crm\\application\\vendor\\laravel\\framework\\src\\Illuminate\\Foundation\\Console\\Kernel.php(127): Illuminate\\Foundation\\Console\\Kernel->bootstrap()
#15 D:\\xamppNew\\htdocs\\crm\\application\\artisan(37): Illuminate\\Foundation\\Console\\Kernel->handle(Object(Symfony\\Component\\Console\\Input\\ArgvInput), Object(Symfony\\Component\\Console\\Output\\ConsoleOutput))
#16 {main}
"} 
[2022-06-30 06:34:50] production.ERROR: App\Providers\ConfigThemeServiceProvider::App\Providers\{closure}(): Argument #2 ($key) must be passed by reference, value given {"exception":"[object] (ErrorException(code: 0): App\\Providers\\ConfigThemeServiceProvider::App\\Providers\\{closure}(): Argument #2 ($key) must be passed by reference, value given at D:\\xamppNew\\htdocs\\crm\\application\\app\\Providers\\ConfigThemeServiceProvider.php:50)
[stacktrace]
#0 [internal function]: Illuminate\\Foundation\\Bootstrap\\HandleExceptions->handleError(2, 'App\\\\Providers\\\\C...', 'D:\\\\xamppNew\\\\htd...', 50)
#1 D:\\xamppNew\\htdocs\\crm\\application\\app\\Providers\\ConfigThemeServiceProvider.php(50): array_walk(Array, Object(Closure))
#2 D:\\xamppNew\\htdocs\\crm\\application\\vendor\\laravel\\framework\\src\\Illuminate\\Container\\BoundMethod.php(36): App\\Providers\\ConfigThemeServiceProvider->boot()
#3 D:\\xamppNew\\htdocs\\crm\\application\\vendor\\laravel\\framework\\src\\Illuminate\\Container\\Util.php(40): Illuminate\\Container\\BoundMethod::Illuminate\\Container\\{closure}()
#4 D:\\xamppNew\\htdocs\\crm\\application\\vendor\\laravel\\framework\\src\\Illuminate\\Container\\BoundMethod.php(93): Illuminate\\Container\\Util::unwrapIfClosure(Object(Closure))
#5 D:\\xamppNew\\htdocs\\crm\\application\\vendor\\laravel\\framework\\src\\Illuminate\\Container\\BoundMethod.php(37): Illuminate\\Container\\BoundMethod::callBoundMethod(Object(Illuminate\\Foundation\\Application), Array, Object(Closure))
#6 D:\\xamppNew\\htdocs\\crm\\application\\vendor\\laravel\\framework\\src\\Illuminate\\Container\\Container.php(653): Illuminate\\Container\\BoundMethod::call(Object(Illuminate\\Foundation\\Application), Array, Array, NULL)
#7 D:\\xamppNew\\htdocs\\crm\\application\\vendor\\laravel\\framework\\src\\Illuminate\\Foundation\\Application.php(924): Illuminate\\Container\\Container->call(Array)
#8 D:\\xamppNew\\htdocs\\crm\\application\\vendor\\laravel\\framework\\src\\Illuminate\\Foundation\\Application.php(905): Illuminate\\Foundation\\Application->bootProvider(Object(App\\Providers\\ConfigThemeServiceProvider))
#9 [internal function]: Illuminate\\Foundation\\Application->Illuminate\\Foundation\\{closure}(Object(App\\Providers\\ConfigThemeServiceProvider), 33)
#10 D:\\xamppNew\\htdocs\\crm\\application\\vendor\\laravel\\framework\\src\\Illuminate\\Foundation\\Application.php(906): array_walk(Array, Object(Closure))
#11 D:\\xamppNew\\htdocs\\crm\\application\\vendor\\laravel\\framework\\src\\Illuminate\\Foundation\\Bootstrap\\BootProviders.php(17): Illuminate\\Foundation\\Application->boot()
#12 D:\\xamppNew\\htdocs\\crm\\application\\vendor\\laravel\\framework\\src\\Illuminate\\Foundation\\Application.php(237): Illuminate\\Foundation\\Bootstrap\\BootProviders->bootstrap(Object(Illuminate\\Foundation\\Application))
#13 D:\\xamppNew\\htdocs\\crm\\application\\vendor\\laravel\\framework\\src\\Illuminate\\Foundation\\Console\\Kernel.php(310): Illuminate\\Foundation\\Application->bootstrapWith(Array)
#14 D:\\xamppNew\\htdocs\\crm\\application\\vendor\\laravel\\framework\\src\\Illuminate\\Foundation\\Console\\Kernel.php(127): Illuminate\\Foundation\\Console\\Kernel->bootstrap()
#15 D:\\xamppNew\\htdocs\\crm\\application\\artisan(37): Illuminate\\Foundation\\Console\\Kernel->handle(Object(Symfony\\Component\\Console\\Input\\ArgvInput), Object(Symfony\\Component\\Console\\Output\\ConsoleOutput))
#16 {main}
"} 
[2022-07-05 08:03:56] production.ERROR: Command "make:repository" is not defined.

Did you mean one of these?
    make:cast
    make:channel
    make:command
    make:component
    make:controller
    make:event
    make:exception
    make:export
    make:factory
    make:import
    make:job
    make:listener
    make:mail
    make:middleware
    make:migration
    make:model
    make:notification
    make:observer
    make:policy
    make:provider
    make:request
    make:resource
    make:rule
    make:seeder
    make:test {"exception":"[object] (Symfony\\Component\\Console\\Exception\\CommandNotFoundException(code: 0): Command \"make:repository\" is not defined.

Did you mean one of these?
    make:cast
    make:channel
    make:command
    make:component
    make:controller
    make:event
    make:exception
    make:export
    make:factory
    make:import
    make:job
    make:listener
    make:mail
    make:middleware
    make:migration
    make:model
    make:notification
    make:observer
    make:policy
    make:provider
    make:request
    make:resource
    make:rule
    make:seeder
    make:test at D:\\xamppNew\\htdocs\\crm\\application\\vendor\\symfony\\console\\Application.php:709)
[stacktrace]
#0 D:\\xamppNew\\htdocs\\crm\\application\\vendor\\symfony\\console\\Application.php(259): Symfony\\Component\\Console\\Application->find('make:repository')
#1 D:\\xamppNew\\htdocs\\crm\\application\\vendor\\symfony\\console\\Application.php(171): Symfony\\Component\\Console\\Application->doRun(Object(Symfony\\Component\\Console\\Input\\ArgvInput), Object(Symfony\\Component\\Console\\Output\\ConsoleOutput))
#2 D:\\xamppNew\\htdocs\\crm\\application\\vendor\\laravel\\framework\\src\\Illuminate\\Console\\Application.php(94): Symfony\\Component\\Console\\Application->run(Object(Symfony\\Component\\Console\\Input\\ArgvInput), Object(Symfony\\Component\\Console\\Output\\ConsoleOutput))
#3 D:\\xamppNew\\htdocs\\crm\\application\\vendor\\laravel\\framework\\src\\Illuminate\\Foundation\\Console\\Kernel.php(129): Illuminate\\Console\\Application->run(Object(Symfony\\Component\\Console\\Input\\ArgvInput), Object(Symfony\\Component\\Console\\Output\\ConsoleOutput))
#4 D:\\xamppNew\\htdocs\\crm\\application\\artisan(37): Illuminate\\Foundation\\Console\\Kernel->handle(Object(Symfony\\Component\\Console\\Input\\ArgvInput), Object(Symfony\\Component\\Console\\Output\\ConsoleOutput))
#5 {main}
"} 
